<?xml version="1.0" encoding="UTF-8"?><testsuites time="0.196"><testsuite name="home page" tests="3" failures="0" errors="0" time="0.196" timestamp="2014-07-11T01:34:47.877Z" package="test/acceptance/home_page_test"><testcase name="HTTP status code is: 200" classname="test/acceptance/home_page_test" time="0.151"></testcase><testcase name="title is Hello World Express" classname="test/acceptance/home_page_test" time="0.021"></testcase><testcase name="Find &quot;Many Testings!!&quot; within the selector &quot;h1&quot;" classname="test/acceptance/home_page_test" time="0.024"></testcase><system-out></system-out></testsuite></testsuites>